Usuari accedeix al sistema: antonigadeamorant@gmail.com - Dia: 2021/2/28 - Hora: 19:50:20 
Usuari modificat: antonigadeamorant@gmail.com - Dia: 2021/2/28 - Hora: 19:50:43 
Usuari es desconecta del sistema: antonigadeamorant@gmail.com - Dia: 2021/2/28 - Hora: 19:50:56 
Intent de acces al sistema: antonigadeamorant@gmail.com - Dia: 2021/2/28 - Hora: 20:46:26 
Usuari accedeix al sistema: tonigadeamorant@gmail.com - Dia: 2021/2/28 - Hora: 20:46:31 
Intent de acces al sistema: antonigadeamorant@gmail.com - Dia: 2021/3/1 - Hora: 0:23:13 
Usuari accedeix al sistema: tonigadeamorant@gmail.com - Dia: 2021/3/1 - Hora: 0:23:19 
Usuari accedeix al sistema: tonigadeamorant@gmail.com - Dia: 2021/3/1 - Hora: 12:27:59 
Usuari modificat: tonigadeamorant@gmail.com - Dia: 2021/3/1 - Hora: 13:02:04 
Usuari modificat: tonigadeamorant@gmail.com - Dia: 2021/3/1 - Hora: 13:02:14 
Usuari donat de baixa: tonigadeamorant@gmail.com - Dia: 2021/3/1 - Hora: 13:02:22 
Usuari es desconecta del sistema: tonigadeamorant@gmail.com - Dia: 2021/3/1 - Hora: 13:02:22 
Intent de acces al sistema: tonigadeamorant@gmail.com - Dia: 2021/3/1 - Hora: 13:02:30 
Usuari registrat al sistema: tonigadeamorant@gmail.com - Dia: 2021/3/1 - Hora: 13:02:51 
Intent de acces al sistema: antonigadeamorant@gmail.com - Dia: 2021/3/1 - Hora: 13:23:29 
Usuari accedeix al sistema: tonigadeamorant@gmail.com - Dia: 2021/3/1 - Hora: 13:23:34 
Usuari es desconecta del sistema: admin - Dia: 2021/3/1 - Hora: 17:30:25 
Usuari registrat al sistema: test@simarro.org - Dia: 2021/3/1 - Hora: 17:37:29 
Usuari es desconecta del sistema: admin - Dia: 2021/3/1 - Hora: 17:43:41 
Usuari registrat al sistema: test@simarro.org - Dia: 2021/3/1 - Hora: 17:44:08 
Usuari registrat al sistema: test@simarro.org - Dia: 2021/3/1 - Hora: 17:48:18 
Usuari registrat al sistema: test@simarro.org - Dia: 2021/3/1 - Hora: 17:50:53 
Usuari registrat al sistema: test@simarro.org - Dia: 2021/3/1 - Hora: 17:51:19 
Usuari registrat al sistema: test@simarro.org - Dia: 2021/3/1 - Hora: 17:52:27 
Usuari registrat al sistema: test@simarro.org - Dia: 2021/3/1 - Hora: 17:53:42 
Usuari registrat al sistema: test@simarro.org - Dia: 2021/3/1 - Hora: 17:54:12 
Usuari registrat al sistema: test@simarro.org - Dia: 2021/3/1 - Hora: 17:54:41 
Usuari registrat al sistema: test@simarro.org - Dia: 2021/3/1 - Hora: 17:55:59 
Usuari registrat al sistema: test@simarro.org - Dia: 2021/3/1 - Hora: 18:02:30 
Usuari registrat al sistema: test@simarro.org - Dia: 2021/3/1 - Hora: 18:07:49 
Usuari registrat al sistema: test@simarro.org - Dia: 2021/3/1 - Hora: 18:12:48 
Usuari registrat al sistema: test@simarro.org - Dia: 2021/3/1 - Hora: 18:13:37 
Usuari registrat al sistema: test@simarro.org - Dia: 2021/3/1 - Hora: 18:15:00 
Usuari registrat al sistema: test@simarro.org - Dia: 2021/3/1 - Hora: 18:15:35 
Usuari es desconecta del sistema: admin - Dia: 2021/3/1 - Hora: 18:18:34 
Usuari registrat al sistema: tonigadeamorant@gmail.com - Dia: 2021/3/1 - Hora: 18:19:11 
Intent de acces al sistema: antonigadeamorant@gmail.com - Dia: 2021/3/1 - Hora: 18:19:39 
Usuari accedeix al sistema: tonigadeamorant@gmail.com - Dia: 2021/3/1 - Hora: 18:19:43 
