Usuari accedeix al sistema: admin - Dia: 2021/3/1 - Hora: 17:06:06 
Usuari modificat: admin - Dia: 2021/3/1 - Hora: 17:07:31 
Usuari es desconecta del sistema: admin - Dia: 2021/3/1 - Hora: 17:07:35 
Usuari accedeix al sistema: admin - Dia: 2021/3/1 - Hora: 17:07:41 
Intent de acces al sistema: admin - Dia: 2021/3/1 - Hora: 17:43:16 
Usuari accedeix al sistema: admin - Dia: 2021/3/1 - Hora: 17:43:21 
Usuari donat de baixa: test@simarro.org - Dia: 2021/3/1 - Hora: 17:43:23 
Usuari accedeix al sistema: admin - Dia: 2021/3/1 - Hora: 17:44:53 
Usuari donat de baixa: test@simarro.org - Dia: 2021/3/1 - Hora: 17:44:56 
Usuari donat de baixa: test@simarro.org - Dia: 2021/3/1 - Hora: 17:49:10 
Usuari donat de baixa: test@simarro.org - Dia: 2021/3/1 - Hora: 17:51:16 
Usuari donat de baixa: test@simarro.org - Dia: 2021/3/1 - Hora: 17:52:24 
Usuari donat de baixa: test@simarro.org - Dia: 2021/3/1 - Hora: 17:53:22 
Usuari donat de baixa: test@simarro.org - Dia: 2021/3/1 - Hora: 17:54:09 
Usuari donat de baixa: test@simarro.org - Dia: 2021/3/1 - Hora: 17:54:38 
Usuari donat de baixa: test@simarro.org - Dia: 2021/3/1 - Hora: 17:55:07 
Usuari donat de baixa: test@simarro.org - Dia: 2021/3/1 - Hora: 18:02:07 
Usuari donat de baixa: test@simarro.org - Dia: 2021/3/1 - Hora: 18:07:22 
Usuari donat de baixa: test@simarro.org - Dia: 2021/3/1 - Hora: 18:13:34 
Usuari donat de baixa: test@simarro.org - Dia: 2021/3/1 - Hora: 18:14:56 
Usuari donat de baixa: test@simarro.org - Dia: 2021/3/1 - Hora: 18:15:15 
Usuari donat de baixa: test@simarro.org - Dia: 2021/3/1 - Hora: 18:16:09 
Usuari donat de baixa: tonigadeamorant@gmail.com - Dia: 2021/3/1 - Hora: 18:16:37 
